2021-11-30 13:19:22 INFO  ReportLog:115 - ***** Start LOG4J *****
2021-11-30 13:19:22 INFO  ReportLog:120 - Caso de Teste: _005LoginOrgBlockFechadoWEB  |   Colaborador: A515360  |   Browser: chrome  |   Versão: 96.0.4664.45  |   S.O: Windows 7
2021-11-30 13:19:33 INFO  _005LoginOrgBlockFechadoWEB:48 - Acessa a URL https://veja.abril.com.br/esporte/denarc-tem-as-fitas-contra-edinho/
2021-11-30 13:19:51 INFO  _005LoginOrgBlockFechadoWEB:48 - Realiza a ação 'Mouse Scroll' de cima para baixo na página
2021-11-30 13:19:54 INFO  _005LoginOrgBlockFechadoWEB:48 - Valida que o texto Se já é assinante, entre aqui. esteja presente no elemento By.xpath: //*[@id='injected-paywall_info']/a
2021-11-30 13:23:13 INFO  _005LoginOrgBlockFechadoWEB:48 - Clica no elemento Entre aqui.
2021-11-30 13:23:17 INFO  _005LoginOrgBlockFechadoWEB:48 - Preenche o campo de texto Usuario com o valor thais.rocha@abril.com.br 
2021-11-30 13:23:46 INFO  _005LoginOrgBlockFechadoWEB:48 - Preenche o campo de texto Senha com o valor 36924337864
2021-11-30 13:23:59 INFO  _005LoginOrgBlockFechadoWEB:48 - Clica no elemento Aceito Cookies
2021-11-30 13:27:15 INFO  ReportLog:115 - ***** Start LOG4J *****
2021-11-30 13:27:15 INFO  ReportLog:120 - Caso de Teste: _005LoginOrgBlockFechadoWEB  |   Colaborador: A515360  |   Browser: chrome  |   Versão: 96.0.4664.45  |   S.O: Windows 7
2021-11-30 13:27:35 INFO  _005LoginOrgBlockFechadoWEB:48 - Acessa a URL https://veja.abril.com.br/esporte/denarc-tem-as-fitas-contra-edinho/
2021-11-30 13:27:35 INFO  _005LoginOrgBlockFechadoWEB:48 - Realiza a ação 'Mouse Scroll' de cima para baixo na página
2021-11-30 13:27:49 INFO  _005LoginOrgBlockFechadoWEB:48 - Valida que o texto Se já é assinante, entre aqui. esteja presente no elemento By.xpath: //*[@id='injected-paywall_info']/a
2021-11-30 13:28:01 INFO  _005LoginOrgBlockFechadoWEB:48 - Clica no elemento Entre aqui.
2021-11-30 13:28:04 INFO  _005LoginOrgBlockFechadoWEB:48 - Preenche o campo de texto Usuario com o valor thais.rocha@abril.com.br 
2021-11-30 13:28:06 INFO  _005LoginOrgBlockFechadoWEB:48 - Preenche o campo de texto Senha com o valor 36924337864
2021-11-30 13:28:40 ERROR _005LoginOrgBlockFechadoWEB:57 - Timeout por aguardar pela presença do elemento By.id: aceitoLGPD por 30 segundos
2021-11-30 13:28:40 INFO  _005LoginOrgBlockFechadoWEB:58 - ***** End LOG4J *****

2021-11-30 13:28:42 ERROR _005LoginOrgBlockFechadoWEB:57 - Não foi possível clicar no elemento By.id: aceitoLGPD
2021-11-30 13:28:42 INFO  _005LoginOrgBlockFechadoWEB:58 - ***** End LOG4J *****

2021-11-30 13:37:35 INFO  ReportLog:115 - ***** Start LOG4J *****
2021-11-30 13:37:35 INFO  ReportLog:120 - Caso de Teste: _005LoginOrgBlockFechadoWEB  |   Colaborador: A515360  |   Browser: chrome  |   Versão: 96.0.4664.45  |   S.O: Windows 7
2021-11-30 13:37:58 INFO  _005LoginOrgBlockFechadoWEB:48 - Acessa a URL https://veja.abril.com.br/esporte/denarc-tem-as-fitas-contra-edinho/
2021-11-30 13:37:58 INFO  _005LoginOrgBlockFechadoWEB:48 - Realiza a ação 'Mouse Scroll' de cima para baixo na página
2021-11-30 13:38:21 INFO  _005LoginOrgBlockFechadoWEB:48 - Valida que o texto Se já é assinante, entre aqui. esteja presente no elemento By.xpath: //*[@id='injected-paywall_info']/a
2021-11-30 13:38:29 INFO  _005LoginOrgBlockFechadoWEB:48 - Clica no elemento Entre aqui.
2021-11-30 13:38:32 INFO  _005LoginOrgBlockFechadoWEB:48 - Preenche o campo de texto Usuario com o valor thais.rocha@abril.com.br 
2021-11-30 13:38:34 INFO  _005LoginOrgBlockFechadoWEB:48 - Preenche o campo de texto Senha com o valor 36924337864
2021-11-30 13:38:53 INFO  _005LoginOrgBlockFechadoWEB:48 - Clica no elemento Aceito Cookies
2021-11-30 13:38:53 INFO  _005LoginOrgBlockFechadoWEB:127 - ***** End LOG4J *****

2021-11-30 17:13:22 INFO  ReportLog:115 - ***** Start LOG4J *****
2021-11-30 17:13:22 INFO  ReportLog:120 - Caso de Teste: _005LoginOrgBlockFechadoWEB  |   Colaborador: A515360  |   Browser: chrome  |   Versão: 96.0.4664.45  |   S.O: Windows 7
2021-11-30 17:14:03 INFO  _005LoginOrgBlockFechadoWEB:48 - Acessa a URL https://veja.abril.com.br/esporte/denarc-tem-as-fitas-contra-edinho/
2021-11-30 17:14:04 INFO  _005LoginOrgBlockFechadoWEB:48 - Realiza a ação 'Mouse Scroll' de cima para baixo na página
2021-11-30 17:16:16 INFO  ReportLog:115 - ***** Start LOG4J *****
2021-11-30 17:16:16 INFO  ReportLog:120 - Caso de Teste: _005LoginOrgBlockFechadoWEB  |   Colaborador: A515360  |   Browser: chrome  |   Versão: 96.0.4664.45  |   S.O: Windows 7
2021-11-30 17:16:44 INFO  _005LoginOrgBlockFechadoWEB:48 - Acessa a URL https://veja.abril.com.br/esporte/denarc-tem-as-fitas-contra-edinho/
2021-11-30 17:17:05 INFO  _005LoginOrgBlockFechadoWEB:48 - Realiza a ação 'Mouse Scroll' de cima para baixo na página
2021-11-30 17:17:49 INFO  _005LoginOrgBlockFechadoWEB:48 - Valida que o texto Se já é assinante, entre aqui. esteja presente no elemento By.xpath: //*[@id='injected-paywall_info']/a
2021-11-30 17:18:06 INFO  _005LoginOrgBlockFechadoWEB:48 - Clica no elemento Entre aqui.
2021-11-30 17:18:09 INFO  _005LoginOrgBlockFechadoWEB:48 - Preenche o campo de texto Usuario com o valor thais.rocha@abril.com.br 
2021-11-30 17:18:11 INFO  _005LoginOrgBlockFechadoWEB:48 - Preenche o campo de texto Senha com o valor 36924337864
2021-11-30 17:18:32 INFO  _005LoginOrgBlockFechadoWEB:48 - Clica no elemento Aceito Cookies
2021-11-30 17:18:32 INFO  _005LoginOrgBlockFechadoWEB:127 - ***** End LOG4J *****

2021-11-30 18:34:24 INFO  ReportLog:115 - ***** Start LOG4J *****
2021-11-30 18:34:24 INFO  ReportLog:120 - Caso de Teste: _003CompraDebitoAutomaticoVeja   |   Colaborador: A515360  |   Browser: chrome  |   Versão: 96.0.4664.45  |   S.O: Windows 7
2021-11-30 18:34:28 INFO  _003CompraDebitoAutomaticoVeja:48 - Acessa a URL https://veja.abril.com.br//
2021-11-30 18:34:29 INFO  _003CompraDebitoAutomaticoVeja:48 - Realiza a ação 'Mouse Scroll' de cima para baixo na página
2021-11-30 18:36:34 INFO  ReportLog:115 - ***** Start LOG4J *****
2021-11-30 18:36:34 INFO  ReportLog:120 - Caso de Teste: _003CompraDebitoAutomaticoVeja   |   Colaborador: A515360  |   Browser: chrome  |   Versão: 96.0.4664.45  |   S.O: Windows 7
2021-11-30 18:36:40 INFO  _003CompraDebitoAutomaticoVeja:48 - Acessa a URL https://veja.abril.com.br//
2021-11-30 18:36:42 INFO  _003CompraDebitoAutomaticoVeja:48 - Clica no elemento Aceito Cookies
2021-11-30 18:36:42 INFO  _003CompraDebitoAutomaticoVeja:48 - Realiza a ação 'Mouse Scroll' de cima para baixo na página
2021-11-30 18:37:27 ERROR _003CompraDebitoAutomaticoVeja:57 - Timeout por aguardar pela presença do elemento By.xpath: //*[@id='new-paywall-parent-cards']/div[1]/div/div[5]/a/button por 30 segundos
2021-11-30 18:37:27 INFO  _003CompraDebitoAutomaticoVeja:58 - ***** End LOG4J *****

2021-11-30 18:40:36 INFO  ReportLog:115 - ***** Start LOG4J *****
2021-11-30 18:40:36 INFO  ReportLog:120 - Caso de Teste: _003CompraDebitoAutomaticoVeja   |   Colaborador: A515360  |   Browser: chrome  |   Versão: 96.0.4664.45  |   S.O: Windows 7
2021-11-30 18:40:40 INFO  _003CompraDebitoAutomaticoVeja:48 - Acessa a URL https://veja.abril.com.br//
2021-11-30 18:40:42 INFO  _003CompraDebitoAutomaticoVeja:48 - Clica no elemento Aceito Cookies
2021-11-30 18:40:42 INFO  _003CompraDebitoAutomaticoVeja:48 - Realiza a ação 'Mouse Scroll' de cima para baixo na página
2021-11-30 18:41:17 INFO  _003CompraDebitoAutomaticoVeja:48 - Preenche o campo de texto Iserir Nome Completo com o valor Wellington Tester
2021-11-30 18:41:20 INFO  _003CompraDebitoAutomaticoVeja:48 - Preenche o campo de texto Inserir Email com o valor tester@abril.com.br
2021-11-30 18:41:26 INFO  _003CompraDebitoAutomaticoVeja:48 - Preenche o campo de texto Inserir Tel com o valor 21999999999
2021-11-30 18:41:58 ERROR _003CompraDebitoAutomaticoVeja:57 - Timeout por aguardar pela presença do elemento By.id: janelaDC por 30 segundos
2021-11-30 18:41:58 INFO  _003CompraDebitoAutomaticoVeja:58 - ***** End LOG4J *****

2021-11-30 18:42:56 INFO  ReportLog:115 - ***** Start LOG4J *****
2021-11-30 18:42:56 INFO  ReportLog:120 - Caso de Teste: _003CompraDebitoAutomaticoVeja   |   Colaborador: A515360  |   Browser: chrome  |   Versão: 96.0.4664.45  |   S.O: Windows 7
2021-11-30 18:43:01 INFO  _003CompraDebitoAutomaticoVeja:48 - Acessa a URL https://veja.abril.com.br//
2021-11-30 18:43:03 INFO  _003CompraDebitoAutomaticoVeja:48 - Clica no elemento Aceito Cookies
2021-11-30 18:43:04 INFO  _003CompraDebitoAutomaticoVeja:48 - Realiza a ação 'Mouse Scroll' de cima para baixo na página
2021-11-30 18:43:43 INFO  _003CompraDebitoAutomaticoVeja:48 - Preenche o campo de texto Iserir Nome Completo com o valor Wellington Tester
2021-11-30 18:43:45 INFO  _003CompraDebitoAutomaticoVeja:48 - Preenche o campo de texto Inserir Email com o valor tester@abril.com.br
2021-11-30 18:43:52 INFO  _003CompraDebitoAutomaticoVeja:48 - Preenche o campo de texto Inserir Tel com o valor 21999999999
2021-11-30 18:44:26 ERROR _003CompraDebitoAutomaticoVeja:57 - Timeout por aguardar pela presença do elemento By.id: janelaDC por 30 segundos
2021-11-30 18:44:26 INFO  _003CompraDebitoAutomaticoVeja:58 - ***** End LOG4J *****

